<?xml version="1.0" encoding="UTF-8"?>
<!-- Generated by org.testng.reporters.JUnitReportReporter -->
<testsuite skipped="0" hostname="admins-MacBook-Pro.local" name="pom_tests.AdditemTest" tests="1" failures="0" timestamp="2022-01-04T20:06:45 IST" time="9.750" errors="0">
  <testcase name="addItemToCart" time="9.750" classname="pom_tests.AdditemTest"/>
  <system-out/>
</testsuite> <!-- pom_tests.AdditemTest -->
